0 info it worked if it ends with ok
1 verbose cli [ '/home/saurabh/.nvm/versions/node/v6.14.4/bin/node',
1 verbose cli   '/home/saurabh/.nvm/versions/node/v6.14.4/bin/npm',
1 verbose cli   'start' ]
2 info using npm@3.10.10
3 info using node@v6.14.4
4 verbose run-script [ 'prestart', 'start', 'poststart' ]
5 info lifecycle gui@0.1.0~prestart: gui@0.1.0
6 silly lifecycle gui@0.1.0~prestart: no script for prestart, continuing
7 info lifecycle gui@0.1.0~start: gui@0.1.0
8 verbose lifecycle gui@0.1.0~start: unsafe-perm in lifecycle true
9 verbose lifecycle gui@0.1.0~start: PATH: /home/saurabh/.nvm/versions/node/v6.14.4/lib/node_modules/npm/bin/node-gyp-bin:/mnt/e/Skynet-Systems/Skynet-Dev/DSC-OLX/buying_selling_devops/node_modules/.bin:/home/saurabh/.nvm/versions/node/v6.14.4/bin:/home/saurabh/.local/bin:/usr/local/sbin:/usr/local/bin:/usr/sbin:/usr/bin:/sbin:/bin:/usr/games:/usr/local/games:/snap/bin
10 verbose lifecycle gui@0.1.0~start: CWD: /mnt/e/Skynet-Systems/Skynet-Dev/DSC-OLX/buying_selling_devops
11 silly lifecycle gui@0.1.0~start: Args: [ '-c', 'react-scripts start' ]
12 silly lifecycle gui@0.1.0~start: Returned: code: 1  signal: null
13 info lifecycle gui@0.1.0~start: Failed to exec start script
14 verbose stack Error: gui@0.1.0 start: `react-scripts start`
14 verbose stack Exit status 1
14 verbose stack     at EventEmitter.<anonymous> (/home/saurabh/.nvm/versions/node/v6.14.4/lib/node_modules/npm/lib/utils/lifecycle.js:255:16)
14 verbose stack     at emitTwo (events.js:106:13)
14 verbose stack     at EventEmitter.emit (events.js:191:7)
14 verbose stack     at ChildProcess.<anonymous> (/home/saurabh/.nvm/versions/node/v6.14.4/lib/node_modules/npm/lib/utils/spawn.js:40:14)
14 verbose stack     at emitTwo (events.js:106:13)
14 verbose stack     at ChildProcess.emit (events.js:191:7)
14 verbose stack     at maybeClose (internal/child_process.js:920:16)
14 verbose stack     at Process.ChildProcess._handle.onexit (internal/child_process.js:230:5)
15 verbose pkgid gui@0.1.0
16 verbose cwd /mnt/e/Skynet-Systems/Skynet-Dev/DSC-OLX/buying_selling_devops
17 error Linux 5.11.0-46-generic
18 error argv "/home/saurabh/.nvm/versions/node/v6.14.4/bin/node" "/home/saurabh/.nvm/versions/node/v6.14.4/bin/npm" "start"
19 error node v6.14.4
20 error npm  v3.10.10
21 error code ELIFECYCLE
22 error gui@0.1.0 start: `react-scripts start`
22 error Exit status 1
23 error Failed at the gui@0.1.0 start script 'react-scripts start'.
23 error Make sure you have the latest version of node.js and npm installed.
23 error If you do, this is most likely a problem with the gui package,
23 error not with npm itself.
23 error Tell the author that this fails on your system:
23 error     react-scripts start
23 error You can get information on how to open an issue for this project with:
23 error     npm bugs gui
23 error Or if that isn't available, you can get their info via:
23 error     npm owner ls gui
23 error There is likely additional logging output above.
24 verbose exit [ 1, true ]
